<?xml version="1.0" encoding="UTF-8"?>
<testsuite name="htwberlin.todolist_backend.service.NotebookServiceTest" tests="4" skipped="0" failures="0" errors="0" timestamp="2024-07-01T18:57:37" hostname="DELL" time="0.333">
  <properties/>
  <testcase name="testSaveNotebook()" classname="htwberlin.todolist_backend.service.NotebookServiceTest" time="0.287"/>
  <testcase name="testDeleteNotebook()" classname="htwberlin.todolist_backend.service.NotebookServiceTest" time="0.029"/>
  <testcase name="testGetNotebook()" classname="htwberlin.todolist_backend.service.NotebookServiceTest" time="0.004"/>
  <testcase name="testUpdateNotebook_NotFound()" classname="htwberlin.todolist_backend.service.NotebookServiceTest" time="0.01"/>
  <system-out><![CDATA[]]></system-out>
  <system-err><![CDATA[]]></system-err>
</testsuite>
