<?xml version="1.0" encoding="UTF-8"?>
<testsuite name="htwberlin.todolist_backend.service.NotebookServiceTest" tests="4" skipped="0" failures="0" errors="0" timestamp="2024-07-01T18:42:46" hostname="DELL" time="0.173">
  <properties/>
  <testcase name="testSaveNotebook()" classname="htwberlin.todolist_backend.service.NotebookServiceTest" time="0.151"/>
  <testcase name="testDeleteNotebook()" classname="htwberlin.todolist_backend.service.NotebookServiceTest" time="0.01"/>
  <testcase name="testGetNotebook()" classname="htwberlin.todolist_backend.service.NotebookServiceTest" time="0.003"/>
  <testcase name="testUpdateNotebook_NotFound()" classname="htwberlin.todolist_backend.service.NotebookServiceTest" time="0.006"/>
  <system-out><![CDATA[]]></system-out>
  <system-err><![CDATA[]]></system-err>
</testsuite>
