<?xml version="1.0" encoding="UTF-8"?>
<testsuite name="htwberlin.todolist_backend.TodolistBackendApplicationTests" tests="1" skipped="0" failures="0" errors="0" timestamp="2024-05-27T14:01:02" hostname="DELL" time="0.764">
  <properties/>
  <testcase name="contextLoads()" classname="htwberlin.todolist_backend.TodolistBackendApplicationTests" time="0.764"/>
  <system-out><![CDATA[16:01:00.308 [Test worker] INFO org.springframework.test.context.support.AnnotationConfigContextLoaderUtils -- Could not detect default configuration classes for test class [htwberlin.todolist_backend.TodolistBackendApplicationTests]: TodolistBackendApplicationTests does not declare any static, non-private, non-final, nested classes annotated with @Configuration.
16:01:00.416 [Test worker] INFO org.springframework.boot.test.context.SpringBootTestContextBootstrapper -- Found @SpringBootConfiguration htwberlin.todolist_backend.TodolistBackendApplication for test class htwberlin.todolist_backend.TodolistBackendApplicationTests

  .   ____          _            __ _ _
 /\\ / ___'_ __ _ _(_)_ __  __ _ \ \ \ \
( ( )\___ | '_ | '_| | '_ \/ _` | \ \ \ \
 \\/  ___)| |_)| | | | | || (_| |  ) ) ) )
  '  |____| .__|_| |_|_| |_\__, | / / / /
 =========|_|==============|___/=/_/_/_/
 :: Spring Boot ::                (v3.2.5)

2024-05-27T16:01:00.861+02:00  INFO 34652 --- [todolist_backend] [    Test worker] h.t.TodolistBackendApplicationTests      : Starting TodolistBackendApplicationTests using Java 21.0.3 with PID 34652 (started by mohdk in C:\Users\mohdk\Webtech\notebook_backend)
2024-05-27T16:01:00.863+02:00  INFO 34652 --- [todolist_backend] [    Test worker] h.t.TodolistBackendApplicationTests      : No active profile set, falling back to 1 default profile: "default"
2024-05-27T16:01:02.053+02:00  WARN 34652 --- [todolist_backend] [    Test worker] ion$DefaultTemplateResolverConfiguration : Cannot find template location: classpath:/templates/ (please add some templates, check your Thymeleaf configuration, or set spring.thymeleaf.check-template-location=false)
2024-05-27T16:01:02.135+02:00  INFO 34652 --- [todolist_backend] [    Test worker] h.t.TodolistBackendApplicationTests      : Started TodolistBackendApplicationTests in 1.53 seconds (process running for 2.79)
]]></system-out>
  <system-err><![CDATA[WARNING: A Java agent has been loaded dynamically (C:\Users\mohdk\.gradle\caches\modules-2\files-2.1\net.bytebuddy\byte-buddy-agent\1.14.13\979ce25f7d3096a2e82214ba7dc972a05ce7a171\byte-buddy-agent-1.14.13.jar)
WARNING: If a serviceability tool is in use, please run with -XX:+EnableDynamicAgentLoading to hide this warning
WARNING: If a serviceability tool is not in use, please run with -Djdk.instrument.traceUsage for more information
WARNING: Dynamic loading of agents will be disallowed by default in a future release
]]></system-err>
</testsuite>
